#
# A fatal error has been detected by the Java Runtime Environment:
#
#  EXCEPTION_ACCESS_VIOLATION (0xc0000005) at pc=0x0000000059ddf1d2, pid=5720, tid=0x0000000000000ea0
#
# JRE version: OpenJDK Runtime Environment (8.0_152-b02) (build 1.8.0_152-release-1024-b02)
# Java VM: OpenJDK 64-Bit Server VM (25.152-b02 mixed mode windows-amd64 compressed oops)
# Problematic frame:
# V  [jvm.dll+0x1f1d2]
#
# Failed to write core dump. Minidumps are not enabled by default on client versions of Windows
#
# If you would like to submit a bug report, please visit:
#   http://bugreport.java.com/bugreport/crash.jsp
#

---------------  T H R E A D  ---------------

Current thread (0x0000000019b6c000):  JavaThread "C1 CompilerThread2" daemon [_thread_in_vm, id=3744, stack(0x000000001a310000,0x000000001a410000)]

siginfo: ExceptionCode=0xc0000005, reading address 0x0000002000000000

Registers:
RAX=0x0000000019b6c000, RBX=0x0000002000000000, RCX=0x000000000000001e, RDX=0x0000002000000000
RSP=0x000000001a40eab0, RBP=0x000000001bcd16a0, RSI=0x0000002000000000, RDI=0x0000000000000000
R8 =0x0000000000000001, R9 =0x00000000000000ad, R10=0x000000001bcd18d0, R11=0x000000001d3709c0
R12=0x0000000019b6c000, R13=0x000000001bcd16a0, R14=0x0000000021de8b90, R15=0x0000000021dee180
RIP=0x0000000059ddf1d2, EFLAGS=0x0000000000010202

Top of Stack: (sp=0x000000001a40eab0)
0x000000001a40eab0:   0000000100a33cf8 0000000100a33cf8
0x000000001a40eac0:   000000001bcd16a0 000000001a40f730
0x000000001a40ead0:   000000001a40eae0 0000000059faf9bf
0x000000001a40eae0:   0000000000000000 0000000100a33cf8
0x000000001a40eaf0:   00000000000000ad 0000000059ddf569
0x000000001a40eb00:   00000000000000ac 0000000059e876cb
0x000000001a40eb10:   00000000000000ad 0000000021dee210
0x000000001a40eb20:   0000000018764e00 0000000021dee200
0x000000001a40eb30:   0000000000000001 0000000059ddb250
0x000000001a40eb40:   0000000021dee210 0000002000000000
0x000000001a40eb50:   0000000000000018 0000000059de3d3a
0x000000001a40eb60:   0000000021dee210 0000000059ddc1a1
0x000000001a40eb70:   0000000000000080 000000001eb96ac0
0x000000001a40eb80:   0000000021dee200 0000000026a6d980
0x000000001a40eb90:   00000000000000b7 0000000000000000
0x000000001a40eba0:   0000000000000000 000000001e0e0e40 

Instructions: (pc=0x0000000059ddf1d2)
0x0000000059ddf1b2:   e9 8b 0d af e3 74 00 48 8b da ff 15 d6 91 58 00
0x0000000059ddf1c2:   44 0f b6 05 1a 14 78 00 4c 8b e0 45 84 c0 74 39
0x0000000059ddf1d2:   4c 8b 03 48 8b cb 41 ff 50 08 84 c0 74 2b 83 7b
0x0000000059ddf1e2:   08 00 7e 25 0f b6 83 fe 00 00 00 c0 e8 03 a8 01 


Register to memory mapping:

RAX=0x0000000019b6c000 is a thread
RBX=0x0000002000000000 is an unknown value
RCX=0x000000000000001e is an unknown value
RDX=0x0000002000000000 is an unknown value
RSP=0x000000001a40eab0 is pointing into the stack for thread: 0x0000000019b6c000
RBP=0x000000001bcd16a0 is an unknown value
RSI=0x0000002000000000 is an unknown value
RDI=0x0000000000000000 is an unknown value
R8 =0x0000000000000001 is an unknown value
R9 =0x00000000000000ad is an unknown value
R10=0x000000001bcd18d0 is an unknown value
R11=0x000000001d3709c0 is an unknown value
R12=0x0000000019b6c000 is a thread
R13=0x000000001bcd16a0 is an unknown value
R14=0x0000000021de8b90 is an unknown value
R15=0x0000000021dee180 is an unknown value


Stack: [0x000000001a310000,0x000000001a410000],  sp=0x000000001a40eab0,  free space=1018k
Native frames: (J=compiled Java code, j=interpreted, Vv=VM code, C=native code)
V  [jvm.dll+0x1f1d2]
V  [jvm.dll+0x1f569]
V  [jvm.dll+0x1b250]
V  [jvm.dll+0x1c1a1]
V  [jvm.dll+0x16c43]
V  [jvm.dll+0x16d59]
V  [jvm.dll+0x3ec1e7]
V  [jvm.dll+0x3ecbb8]
V  [jvm.dll+0x3e88c2]
V  [jvm.dll+0x3eb297]
V  [jvm.dll+0x3ebb8d]
V  [jvm.dll+0x3ebf82]
V  [jvm.dll+0x3f1075]
V  [jvm.dll+0x3f1180]
V  [jvm.dll+0x3da788]
V  [jvm.dll+0x3da9f1]
V  [jvm.dll+0x3dabb2]
V  [jvm.dll+0x3dad81]
V  [jvm.dll+0x3daf8f]
V  [jvm.dll+0x814c8]
V  [jvm.dll+0x81dff]
V  [jvm.dll+0x21d2df]
V  [jvm.dll+0x26d7ea]
C  [msvcr100.dll+0x21d9f]
C  [msvcr100.dll+0x21e3b]
C  [KERNEL32.DLL+0x11fe4]
C  [ntdll.dll+0x6f061]


Current CompileTask:
C1:8054648 21567       3       com.android.tools.r8.ir.optimize.CodeRewriter::simplifyArrayConstruction (654 bytes)


---------------  P R O C E S S  ---------------

Java Threads: ( => current thread )
  0x000000001a9fd000 JavaThread "pool-151-thread-2" [_thread_in_Java, id=5612, stack(0x0000000059060000,0x0000000059160000)]
  0x000000001aa04000 JavaThread "pool-150-thread-2" [_thread_blocked, id=2152, stack(0x0000000058f60000,0x0000000059060000)]
  0x000000001aa03000 JavaThread "pool-151-thread-1" [_thread_blocked, id=7744, stack(0x0000000058e60000,0x0000000058f60000)]
  0x000000001a9fb800 JavaThread "pool-150-thread-1" [_thread_blocked, id=12484, stack(0x0000000058d60000,0x0000000058e60000)]
  0x000000001a9fb000 JavaThread "ForkJoinPool.commonPool-worker-6" daemon [_thread_blocked, id=8748, stack(0x0000000058c60000,0x0000000058d60000)]
  0x000000001a9fe800 JavaThread "ForkJoinPool.commonPool-worker-5" daemon [_thread_in_native, id=12728, stack(0x0000000058b60000,0x0000000058c60000)]
  0x000000001d15a800 JavaThread "ForkJoinPool.commonPool-worker-4" daemon [_thread_blocked, id=8860, stack(0x0000000058a60000,0x0000000058b60000)]
  0x000000001d159800 JavaThread "Cache worker for Java compile cache (C:\Users\rimon213\Desktop\KOTLIN\countdown\.gradle\4.4\javaCompile)" [_thread_blocked, id=10040, stack(0x0000000058960000,0x0000000058a60000)]
  0x000000001d159000 JavaThread "RMI TCP Connection(36)-127.0.0.1" daemon [_thread_in_native, id=13032, stack(0x0000000058860000,0x0000000058960000)]
  0x000000001d156800 JavaThread "Task worker for ':' Thread 3" [_thread_blocked, id=11200, stack(0x0000000058660000,0x0000000058760000)]
  0x000000001d156000 JavaThread "Task worker for ':' Thread 2" [_thread_blocked, id=1076, stack(0x0000000058560000,0x0000000058660000)]
  0x000000001d152000 JavaThread "Task worker for ':'" [_thread_blocked, id=10700, stack(0x0000000058460000,0x0000000058560000)]
  0x000000001d14e800 JavaThread "Cache worker for Build Output Cleanup Cache (C:\Users\rimon213\Desktop\KOTLIN\countdown\.gradle\buildOutputCleanup)" [_thread_blocked, id=688, stack(0x0000000058360000,0x0000000058460000)]
  0x000000001d14f000 JavaThread "Cache worker for task history cache (C:\Users\rimon213\Desktop\KOTLIN\countdown\.gradle\4.4\taskHistory)" [_thread_blocked, id=14292, stack(0x0000000058260000,0x0000000058360000)]
  0x000000001d150800 JavaThread "Cache worker for file content cache (C:\Users\rimon213\Desktop\KOTLIN\countdown\.gradle\4.4\fileContent)" [_thread_blocked, id=8448, stack(0x0000000058160000,0x0000000058260000)]
  0x000000001d155000 JavaThread "build operations Thread 4" [_thread_blocked, id=9264, stack(0x0000000058060000,0x0000000058160000)]
  0x000000001d154800 JavaThread "build operations Thread 3" [_thread_blocked, id=9132, stack(0x0000000057f60000,0x0000000058060000)]
  0x000000001d14d000 JavaThread "build operations Thread 2" [_thread_blocked, id=9812, stack(0x0000000057e60000,0x0000000057f60000)]
  0x000000001dc2f800 JavaThread "build operations" [_thread_blocked, id=5236, stack(0x0000000057d60000,0x0000000057e60000)]
  0x000000001dc33000 JavaThread "Cache worker for Artifact transforms cache (C:\Users\rimon213\.gradle\caches\transforms-1)" [_thread_blocked, id=14056, stack(0x0000000057c60000,0x0000000057d60000)]
  0x000000001dc2e800 JavaThread "Cache worker for file hash cache (C:\Users\rimon213\Desktop\KOTLIN\countdown\.gradle\4.4\fileHashes)" [_thread_blocked, id=12392, stack(0x0000000057b60000,0x0000000057c60000)]
  0x000000001dc31800 JavaThread "Stdin handler" [_thread_blocked, id=10372, stack(0x0000000057a60000,0x0000000057b60000)]
  0x000000001dc2e000 JavaThread "Asynchronous log dispatcher for DefaultDaemonConnection: socket connection from /127.0.0.1:1613 to /127.0.0.1:9309" [_thread_blocked, id=6676, stack(0x0000000057960000,0x0000000057a60000)]
  0x000000001dc26000 JavaThread "Daemon worker Thread 10" [_thread_blocked, id=7244, stack(0x0000000057860000,0x0000000057960000)]
  0x000000001dc24000 JavaThread "Cancel handler" [_thread_blocked, id=7044, stack(0x0000000057760000,0x0000000057860000)]
  0x000000001dc2b000 JavaThread "Handler for socket connection from /127.0.0.1:1613 to /127.0.0.1:9309" [_thread_in_native, id=11916, stack(0x0000000057660000,0x0000000057760000)]
  0x000000001dc2a000 JavaThread "Daemon Thread 10" [_thread_blocked, id=7440, stack(0x0000000057560000,0x0000000057660000)]
  0x000000001dc32800 JavaThread "pool-65-thread-3" [_thread_blocked, id=7180, stack(0x0000000057060000,0x0000000057160000)]
  0x000000001d157800 JavaThread "pool-65-thread-2" [_thread_blocked, id=8324, stack(0x0000000038360000,0x0000000038460000)]
  0x000000001dc31000 JavaThread "pool-65-thread-1" [_thread_blocked, id=616, stack(0x0000000036860000,0x0000000036960000)]
  0x000000001aa01800 JavaThread "RMI Reaper" [_thread_blocked, id=8840, stack(0x0000000027a60000,0x0000000027b60000)]
  0x000000001aa00000 JavaThread "RMI TCP Accept-0" daemon [_thread_in_native, id=5576, stack(0x0000000027960000,0x0000000027a60000)]
  0x000000001aa01000 JavaThread "GC Daemon" daemon [_thread_blocked, id=11032, stack(0x0000000027860000,0x0000000027960000)]
  0x000000001a9ff800 JavaThread "RMI Scheduler(0)" daemon [_thread_blocked, id=7680, stack(0x0000000027660000,0x0000000027760000)]
  0x000000001d153000 JavaThread "Memory manager" [_thread_blocked, id=1096, stack(0x0000000023cc0000,0x0000000023dc0000)]
  0x000000002090e800 JavaThread "pool-1-thread-1" [_thread_blocked, id=9244, stack(0x00000000239c0000,0x0000000023ac0000)]
  0x000000001b980000 JavaThread "File lock request listener" [_thread_in_native, id=14172, stack(0x000000001d020000,0x000000001d120000)]
  0x000000001b9de800 JavaThread "Cache worker for file hash cache (C:\Users\rimon213\.gradle\caches\4.4\fileHashes)" [_thread_blocked, id=5656, stack(0x000000001cf20000,0x000000001d020000)]
  0x000000001b67d800 JavaThread "Daemon periodic checks" [_thread_blocked, id=1072, stack(0x000000001c420000,0x000000001c520000)]
  0x000000001b63a800 JavaThread "Incoming local TCP Connector on port 1613" [_thread_in_native, id=7444, stack(0x000000001bfe0000,0x000000001c0e0000)]
  0x0000000019b89800 JavaThread "Service Thread" daemon [_thread_blocked, id=5732, stack(0x000000001a410000,0x000000001a510000)]
=>0x0000000019b6c000 JavaThread "C1 CompilerThread2" daemon [_thread_in_vm, id=3744, stack(0x000000001a310000,0x000000001a410000)]
  0x00000000187fd800 JavaThread "C2 CompilerThread1" daemon [_thread_in_native, id=11388, stack(0x000000001a210000,0x000000001a310000)]
  0x00000000187ae800 JavaThread "C2 CompilerThread0" daemon [_thread_in_native, id=3268, stack(0x000000001a110000,0x000000001a210000)]
  0x00000000187ad800 JavaThread "Attach Listener" daemon [_thread_blocked, id=1532, stack(0x000000001a010000,0x000000001a110000)]
  0x0000000019b18800 JavaThread "Signal Dispatcher" daemon [_thread_blocked, id=3768, stack(0x0000000019f10000,0x000000001a010000)]
  0x0000000018788800 JavaThread "Finalizer" daemon [_thread_blocked, id=9832, stack(0x0000000019a10000,0x0000000019b10000)]
  0x0000000004961000 JavaThread "Reference Handler" daemon [_thread_blocked, id=1828, stack(0x0000000019910000,0x0000000019a10000)]
  0x0000000004f2e000 JavaThread "main" [_thread_blocked, id=8240, stack(0x0000000004740000,0x0000000004840000)]

Other Threads:
  0x0000000018765800 VMThread [stack: 0x0000000019810000,0x0000000019910000] [id=7984]
  0x0000000019b8c800 WatcherThread [stack: 0x000000001a510000,0x000000001a610000] [id=5320]

VM state:not at safepoint (normal execution)

VM Mutex/Monitor currently owned by a thread: None

Heap:
 PSYoungGen      total 483328K, used 22316K [0x00000000e0000000, 0x00000000ffd80000, 0x0000000100000000)
  eden space 475648K, 3% used [0x00000000e0000000,0x00000000e0e5bc60,0x00000000fd080000)
  from space 7680K, 99% used [0x00000000fd080000,0x00000000fd7ef3e0,0x00000000fd800000)
  to   space 23040K, 0% used [0x00000000fe700000,0x00000000fe700000,0x00000000ffd80000)
 ParOldGen       total 131072K, used 47099K [0x00000000a0000000, 0x00000000a8000000, 0x00000000e0000000)
  object space 131072K, 35% used [0x00000000a0000000,0x00000000a2dfef40,0x00000000a8000000)
 Metaspace       used 90879K, capacity 94796K, committed 95192K, reserved 1132544K
  class space    used 11429K, capacity 12141K, committed 12288K, reserved 1048576K

Card table byte_map: [0x00000000142f0000,0x0000000014600000] byte_map_base: 0x0000000013df0000

Marking Bits: (ParMarkBitMap*) 0x000000005a584970
 Begin Bits: [0x0000000014b00000, 0x0000000016300000)
 End Bits:   [0x0000000016300000, 0x0000000017b00000)

Polling page: 0x0000000002960000

CodeCache: size=245760Kb used=58920Kb max_used=58920Kb free=186839Kb
 bounds [0x0000000004f30000, 0x0000000008910000, 0x0000000013f30000]
 total_blobs=17862 nmethods=16981 adapters=793
 compilation: enabled

Compilation events (10 events):
Event: 8054.543 Thread 0x0000000019b6c000 nmethod 21560% 0x0000000005a98850 code [0x0000000005a98a80, 0x0000000005a996f8]
Event: 8054.543 Thread 0x0000000019b6c000 21559       3       com.android.tools.r8.ir.conversion.JarSourceCode::makeArrayType (31 bytes)
Event: 8054.544 Thread 0x0000000019b6c000 nmethod 21559 0x0000000008906410 code [0x0000000008906660, 0x00000000089074b8]
Event: 8054.544 Thread 0x0000000019b6c000 21563       1       com.android.tools.r8.ir.code.InstanceGet::maxOutValueRegister (3 bytes)
Event: 8054.544 Thread 0x0000000019b6c000 nmethod 21563 0x0000000008906150 code [0x00000000089062a0, 0x00000000089063b0]
Event: 8054.544 Thread 0x0000000019b6c000 21564       1       com.android.tools.r8.ir.code.InstanceGet::maxInValueRegister (3 bytes)
Event: 8054.545 Thread 0x0000000019b6c000 nmethod 21564 0x0000000005a98590 code [0x0000000005a986e0, 0x0000000005a987f0]
Event: 8054.545 Thread 0x0000000019b6c000 21566       1       com.android.tools.r8.ir.code.InstanceGet::dest (5 bytes)
Event: 8054.545 Thread 0x0000000019b6c000 nmethod 21566 0x000000000777afd0 code [0x000000000777b120, 0x000000000777b230]
Event: 8054.552 Thread 0x0000000019b6c000 21567       3       com.android.tools.r8.ir.optimize.CodeRewriter::simplifyArrayConstruction (654 bytes)

GC Heap History (10 events):
Event: 7230.965 GC heap before
{Heap before GC invocations=38 (full 4):
 PSYoungGen      total 495616K, used 57650K [0x00000000e0000000, 0x00000000ffd00000, 0x0000000100000000)
  eden space 471040K, 12% used [0x00000000e0000000,0x00000000e382cad0,0x00000000fcc00000)
  from space 24576K, 0% used [0x00000000fcc00000,0x00000000fcc20000,0x00000000fe400000)
  to   space 24064K, 0% used [0x00000000fe580000,0x00000000fe580000,0x00000000ffd00000)
 ParOldGen       total 131072K, used 60415K [0x00000000a0000000, 0x00000000a8000000, 0x00000000e0000000)
  object space 131072K, 46% used [0x00000000a0000000,0x00000000a3affc28,0x00000000a8000000)
 Metaspace       used 89859K, capacity 93340K, committed 93912K, reserved 1130496K
  class space    used 11382K, capacity 12065K, committed 12288K, reserved 1048576K
Event: 7230.971 GC heap after
Heap after GC invocations=38 (full 4):
 PSYoungGen      total 496128K, used 525K [0x00000000e0000000, 0x00000000ffc00000, 0x0000000100000000)
  eden space 473088K, 0% used [0x00000000e0000000,0x00000000e0000000,0x00000000fce00000)
  from space 23040K, 2% used [0x00000000fe580000,0x00000000fe603658,0x00000000ffc00000)
  to   space 23552K, 0% used [0x00000000fce00000,0x00000000fce00000,0x00000000fe500000)
 ParOldGen       total 131072K, used 60463K [0x00000000a0000000, 0x00000000a8000000, 0x00000000e0000000)
  object space 131072K, 46% used [0x00000000a0000000,0x00000000a3b0bc28,0x00000000a8000000)
 Metaspace       used 89859K, capacity 93340K, committed 93912K, reserved 1130496K
  class space    used 11382K, capacity 12065K, committed 12288K, reserved 1048576K
}
Event: 7230.971 GC heap before
{Heap before GC invocations=39 (full 5):
 PSYoungGen      total 496128K, used 525K [0x00000000e0000000, 0x00000000ffc00000, 0x0000000100000000)
  eden space 473088K, 0% used [0x00000000e0000000,0x00000000e0000000,0x00000000fce00000)
  from space 23040K, 2% used [0x00000000fe580000,0x00000000fe603658,0x00000000ffc00000)
  to   space 23552K, 0% used [0x00000000fce00000,0x00000000fce00000,0x00000000fe500000)
 ParOldGen       total 131072K, used 60463K [0x00000000a0000000, 0x00000000a8000000, 0x00000000e0000000)
  object space 131072K, 46% used [0x00000000a0000000,0x00000000a3b0bc28,0x00000000a8000000)
 Metaspace       used 89859K, capacity 93340K, committed 93912K, reserved 1130496K
  class space    used 11382K, capacity 12065K, committed 12288K, reserved 1048576K
Event: 7232.390 GC heap after
Heap after GC invocations=39 (full 5):
 PSYoungGen      total 496128K, used 0K [0x00000000e0000000, 0x00000000ffc00000, 0x0000000100000000)
  eden space 473088K, 0% used [0x00000000e0000000,0x00000000e0000000,0x00000000fce00000)
  from space 23040K, 0% used [0x00000000fe580000,0x00000000fe580000,0x00000000ffc00000)
  to   space 23552K, 0% used [0x00000000fce00000,0x00000000fce00000,0x00000000fe500000)
 ParOldGen       total 131072K, used 34934K [0x00000000a0000000, 0x00000000a8000000, 0x00000000e0000000)
  object space 131072K, 26% used [0x00000000a0000000,0x00000000a221d8e8,0x00000000a8000000)
 Metaspace       used 89706K, capacity 93076K, committed 93912K, reserved 1130496K
  class space    used 11358K, capacity 12021K, committed 12288K, reserved 1048576K
}
Event: 7307.470 GC heap before
{Heap before GC invocations=40 (full 5):
 PSYoungGen      total 496128K, used 472290K [0x00000000e0000000, 0x00000000ffc00000, 0x0000000100000000)
  eden space 473088K, 99% used [0x00000000e0000000,0x00000000fcd38b30,0x00000000fce00000)
  from space 23040K, 0% used [0x00000000fe580000,0x00000000fe580000,0x00000000ffc00000)
  to   space 23552K, 0% used [0x00000000fce00000,0x00000000fce00000,0x00000000fe500000)
 ParOldGen       total 131072K, used 34934K [0x00000000a0000000, 0x00000000a8000000, 0x00000000e0000000)
  object space 131072K, 26% used [0x00000000a0000000,0x00000000a221d8e8,0x00000000a8000000)
 Metaspace       used 90210K, capacity 93696K, committed 94424K, reserved 1132544K
  class space    used 11380K, capacity 12059K, committed 12288K, reserved 1048576K
Event: 7307.641 GC heap after
Heap after GC invocations=40 (full 5):
 PSYoungGen      total 496640K, used 13947K [0x00000000e0000000, 0x0000000100000000, 0x0000000100000000)
  eden space 473088K, 0% used [0x00000000e0000000,0x00000000e0000000,0x00000000fce00000)
  from space 23552K, 59% used [0x00000000fce00000,0x00000000fdb9ed48,0x00000000fe500000)
  to   space 24576K, 0% used [0x00000000fe800000,0x00000000fe800000,0x0000000100000000)
 ParOldGen       total 131072K, used 34942K [0x00000000a0000000, 0x00000000a8000000, 0x00000000e0000000)
  object space 131072K, 26% used [0x00000000a0000000,0x00000000a221f8e8,0x00000000a8000000)
 Metaspace       used 90210K, capacity 93696K, committed 94424K, reserved 1132544K
  class space    used 11380K, capacity 12059K, committed 12288K, reserved 1048576K
}
Event: 7308.444 GC heap before
{Heap before GC invocations=41 (full 5):
 PSYoungGen      total 496640K, used 487006K [0x00000000e0000000, 0x0000000100000000, 0x0000000100000000)
  eden space 473088K, 99% used [0x00000000e0000000,0x00000000fcdf8c70,0x00000000fce00000)
  from space 23552K, 59% used [0x00000000fce00000,0x00000000fdb9ed48,0x00000000fe500000)
  to   space 24576K, 0% used [0x00000000fe800000,0x00000000fe800000,0x0000000100000000)
 ParOldGen       total 131072K, used 34942K [0x00000000a0000000, 0x00000000a8000000, 0x00000000e0000000)
  object space 131072K, 26% used [0x00000000a0000000,0x00000000a221f8e8,0x00000000a8000000)
 Metaspace       used 90210K, capacity 93696K, committed 94424K, reserved 1132544K
  class space    used 11380K, capacity 12059K, committed 12288K, reserved 1048576K
Event: 7308.680 GC heap after
Heap after GC invocations=41 (full 5):
 PSYoungGen      total 500224K, used 96K [0x00000000e0000000, 0x0000000100000000, 0x0000000100000000)
  eden space 475648K, 0% used [0x00000000e0000000,0x00000000e0000000,0x00000000fd080000)
  from space 24576K, 0% used [0x00000000fe800000,0x00000000fe818000,0x0000000100000000)
  to   space 24064K, 0% used [0x00000000fd080000,0x00000000fd080000,0x00000000fe800000)
 ParOldGen       total 131072K, used 47043K [0x00000000a0000000, 0x00000000a8000000, 0x00000000e0000000)
  object space 131072K, 35% used [0x00000000a0000000,0x00000000a2df0f40,0x00000000a8000000)
 Metaspace       used 90210K, capacity 93696K, committed 94424K, reserved 1132544K
  class space    used 11380K, capacity 12059K, committed 12288K, reserved 1048576K
}
Event: 8054.302 GC heap before
{Heap before GC invocations=42 (full 5):
 PSYoungGen      total 500224K, used 475744K [0x00000000e0000000, 0x0000000100000000, 0x0000000100000000)
  eden space 475648K, 100% used [0x00000000e0000000,0x00000000fd080000,0x00000000fd080000)
  from space 24576K, 0% used [0x00000000fe800000,0x00000000fe818000,0x0000000100000000)
  to   space 24064K, 0% used [0x00000000fd080000,0x00000000fd080000,0x00000000fe800000)
 ParOldGen       total 131072K, used 47043K [0x00000000a0000000, 0x00000000a8000000, 0x00000000e0000000)
  object space 131072K, 35% used [0x00000000a0000000,0x00000000a2df0f40,0x00000000a8000000)
 Metaspace       used 90876K, capacity 94796K, committed 95192K, reserved 1132544K
  class space    used 11429K, capacity 12141K, committed 12288K, reserved 1048576K
Event: 8054.338 GC heap after
Heap after GC invocations=42 (full 5):
 PSYoungGen      total 483328K, used 7612K [0x00000000e0000000, 0x00000000ffd80000, 0x0000000100000000)
  eden space 475648K, 0% used [0x00000000e0000000,0x00000000e0000000,0x00000000fd080000)
  from space 7680K, 99% used [0x00000000fd080000,0x00000000fd7ef3e0,0x00000000fd800000)
  to   space 23040K, 0% used [0x00000000fe700000,0x00000000fe700000,0x00000000ffd80000)
 ParOldGen       total 131072K, used 47099K [0x00000000a0000000, 0x00000000a8000000, 0x00000000e0000000)
  object space 131072K, 35% used [0x00000000a0000000,0x00000000a2dfef40,0x00000000a8000000)
 Metaspace       used 90876K, capacity 94796K, committed 95192K, reserved 1132544K
  class space    used 11429K, capacity 12141K, committed 12288K, reserved 1048576K
}

Deoptimization events (10 events):
Event: 7295.382 Thread 0x000000001dc2b000 Uncommon trap: reason=predicate action=maybe_recompile pc=0x0000000008344278 method=java.util.ComparableTimSort.reverseRange([Ljava/lang/Object;II)V @ 8
Event: 7312.876 Thread 0x000000001dc32800 Uncommon trap: reason=unstable_if action=reinterpret pc=0x000000000715ba9c method=java.util.concurrent.locks.AbstractQueuedSynchronizer$ConditionObject.await()V @ 67
Event: 7313.082 Thread 0x000000001aa07800 Uncommon trap: reason=array_check action=maybe_recompile pc=0x00000000081ccd88 method=java.util.TimSort.mergeLo(IIII)V @ 245
Event: 7313.444 Thread 0x000000001aa03000 Uncommon trap: reason=array_check action=maybe_recompile pc=0x00000000081ccd88 method=java.util.TimSort.mergeLo(IIII)V @ 245
Event: 7313.949 Thread 0x000000001aa04800 Uncommon trap: reason=unstable_if action=reinterpret pc=0x0000000005a93d18 method=java.util.concurrent.locks.ReentrantLock$Sync.nonfairTryAcquire(I)Z @ 19
Event: 7321.991 Thread 0x000000001d156000 Uncommon trap: reason=unstable_if action=reinterpret pc=0x000000000517e808 method=java.util.concurrent.locks.AbstractQueuedSynchronizer.doReleaseShared()V @ 69
Event: 7637.547 Thread 0x000000001d156000 Uncommon trap: reason=unstable_if action=reinterpret pc=0x00000000083ff748 method=java.util.concurrent.locks.LockSupport.unpark(Ljava/lang/Thread;)V @ 1
Event: 8051.068 Thread 0x000000001dc26000 Uncommon trap: reason=array_check action=maybe_recompile pc=0x000000000691822c method=java.util.ComparableTimSort.reverseRange([Ljava/lang/Object;II)V @ 20
Event: 8053.357 Thread 0x000000001dc26000 Uncommon trap: reason=unstable_if action=reinterpret pc=0x00000000085d6cd0 method=org.objectweb.asm.ClassReader.readField(Lorg/objectweb/asm/ClassVisitor;Lorg/objectweb/asm/Context;I)I @ 348
Event: 8053.475 Thread 0x000000001dc26000 Uncommon trap: reason=range_check action=make_not_entrant pc=0x00000000085e72b4 method=org.objectweb.asm.Type.getType([CI)Lorg/objectweb/asm/Type; @ 2

Classes redefined (0 events):
No events

Internal exceptions (10 events):
Event: 7636.828 Thread 0x0000000020914800 Exception <a 'sun/nio/fs/WindowsException'> (0x00000000f4047100) thrown at [D:\src\AOSP-openjdk-cygwin\jdk8u\hotspot\src\share\vm\prims\jni.cpp, line 709]
Event: 7636.835 Thread 0x0000000020914800 Exception <a 'sun/nio/fs/WindowsException'> (0x00000000f40532e8) thrown at [D:\src\AOSP-openjdk-cygwin\jdk8u\hotspot\src\share\vm\prims\jni.cpp, line 709]
Event: 7638.030 Thread 0x000000001dc28800 Exception <a 'java/lang/InterruptedException'> (0x00000000f6534b58) thrown at [D:\src\AOSP-openjdk-cygwin\jdk8u\hotspot\src\share\vm\runtime\objectMonitor.cpp, line 1684]
Event: 7889.049 Thread 0x000000002090e800 Exception <a 'sun/nio/fs/WindowsException'> (0x00000000f2b76fa0) thrown at [D:\src\AOSP-openjdk-cygwin\jdk8u\hotspot\src\share\vm\prims\jni.cpp, line 709]
Event: 8049.911 Thread 0x000000001dc26000 Exception <a 'sun/nio/fs/WindowsException'> (0x00000000f940ddc0) thrown at [D:\src\AOSP-openjdk-cygwin\jdk8u\hotspot\src\share\vm\prims\jni.cpp, line 709]
Event: 8049.914 Thread 0x000000001dc26000 Exception <a 'sun/nio/fs/WindowsException'> (0x00000000f9419fa8) thrown at [D:\src\AOSP-openjdk-cygwin\jdk8u\hotspot\src\share\vm\prims\jni.cpp, line 709]
Event: 8051.084 Thread 0x000000001d151800 Exception <a 'java/lang/InterruptedException'> (0x00000000fb8a2498) thrown at [D:\src\AOSP-openjdk-cygwin\jdk8u\hotspot\src\share\vm\runtime\objectMonitor.cpp, line 1684]
Event: 8054.509 Thread 0x000000001a9fb000 Exception <a 'sun/nio/fs/WindowsException'> (0x00000000e08d36f0) thrown at [D:\src\AOSP-openjdk-cygwin\jdk8u\hotspot\src\share\vm\prims\jni.cpp, line 709]
Event: 8054.512 Thread 0x000000001d15a800 Exception <a 'sun/nio/fs/WindowsException'> (0x00000000e0743060) thrown at [D:\src\AOSP-openjdk-cygwin\jdk8u\hotspot\src\share\vm\prims\jni.cpp, line 709]
Event: 8054.542 Thread 0x000000001aa04000 Exception <a 'sun/nio/fs/WindowsException'> (0x00000000e0beefd0) thrown at [D:\src\AOSP-openjdk-cygwin\jdk8u\hotspot\src\share\vm\prims\jni.cpp, line 709]

Events (10 events):
Event: 8054.518 Executing VM operation: RevokeBias done
Event: 8054.518 Executing VM operation: RevokeBias
Event: 8054.518 Executing VM operation: RevokeBias done
Event: 8054.520 Thread 0x0000000019b6c000 flushing nmethod 0x000000000777a3d0
Event: 8054.521 Thread 0x000000001aa04000 Thread added: 0x000000001aa04000
Event: 8054.521 Thread 0x000000001a9fd000 Thread added: 0x000000001a9fd000
Event: 8054.547 Thread 0x000000001a9fd000 DEOPT PACKING pc=0x000000000807a270 sp=0x000000005915e7a0
Event: 8054.547 Thread 0x000000001a9fd000 DEOPT UNPACKING pc=0x0000000004f775d0 sp=0x000000005915e788 mode 0
Event: 8054.553 Thread 0x000000001a9fd000 DEOPT PACKING pc=0x00000000080c3efa sp=0x000000005915ef30
Event: 8054.553 Thread 0x000000001a9fd000 DEOPT UNPACKING pc=0x0000000004f775d0 sp=0x000000005915ed88 mode 0


Dynamic libraries:
0x00007ff624a20000 - 0x00007ff624a51000 	C:\Program Files\Android\Android Studio\jre\bin\java.exe
0x00007ffc8f2b0000 - 0x00007ffc8f490000 	C:\WINDOWS\SYSTEM32\ntdll.dll
0x00007ffc8c780000 - 0x00007ffc8c82e000 	C:\WINDOWS\System32\KERNEL32.DLL
0x00007ffc8bb00000 - 0x00007ffc8bd66000 	C:\WINDOWS\System32\KERNELBASE.dll
0x00007ffc8e6b0000 - 0x00007ffc8e751000 	C:\WINDOWS\System32\ADVAPI32.dll
0x00007ffc8e610000 - 0x00007ffc8e6ad000 	C:\WINDOWS\System32\msvcrt.dll
0x00007ffc8e3d0000 - 0x00007ffc8e42b000 	C:\WINDOWS\System32\sechost.dll
0x00007ffc8de80000 - 0x00007ffc8df9f000 	C:\WINDOWS\System32\RPCRT4.dll
0x00007ffc8eac0000 - 0x00007ffc8ec4f000 	C:\WINDOWS\System32\USER32.dll
0x00007ffc8be20000 - 0x00007ffc8be40000 	C:\WINDOWS\System32\win32u.dll
0x00007ffc8e4d0000 - 0x00007ffc8e4f8000 	C:\WINDOWS\System32\GDI32.dll
0x00007ffc8c5e0000 - 0x00007ffc8c773000 	C:\WINDOWS\System32\gdi32full.dll
0x00007ffc8b8e0000 - 0x00007ffc8b97b000 	C:\WINDOWS\System32\msvcp_win.dll
0x00007ffc8ba00000 - 0x00007ffc8baf6000 	C:\WINDOWS\System32\ucrtbase.dll
0x00007ffc7f460000 - 0x00007ffc7f6c9000 	C:\WINDOWS\WinSxS\amd64_microsoft.windows.common-controls_6595b64144ccf1df_6.0.16299.371_none_15c7d1789365a290\COMCTL32.dll
0x00007ffc8e030000 - 0x00007ffc8e338000 	C:\WINDOWS\System32\combase.dll
0x00007ffc8b980000 - 0x00007ffc8b9f2000 	C:\WINDOWS\System32\bcryptPrimitives.dll
0x00007ffc8e4a0000 - 0x00007ffc8e4cd000 	C:\WINDOWS\System32\IMM32.DLL
0x00007ffc8b310000 - 0x00007ffc8b346000 	C:\WINDOWS\system32\DriverStore\FileRepository\nvami.inf_amd64_40f9e134b62f4f99\nvinitx.dll
0x00007ffc8b2e0000 - 0x00007ffc8b2ea000 	C:\WINDOWS\SYSTEM32\VERSION.dll
0x00007ffc8ca40000 - 0x00007ffc8de76000 	C:\WINDOWS\System32\Shell32.dll
0x00007ffc8be40000 - 0x00007ffc8be8a000 	C:\WINDOWS\System32\cfgmgr32.dll
0x00007ffc8e560000 - 0x00007ffc8e606000 	C:\WINDOWS\System32\shcore.dll
0x00007ffc8be90000 - 0x00007ffc8c5d7000 	C:\WINDOWS\System32\windows.storage.dll
0x00007ffc8e440000 - 0x00007ffc8e491000 	C:\WINDOWS\System32\shlwapi.dll
0x00007ffc8b600000 - 0x00007ffc8b611000 	C:\WINDOWS\System32\kernel.appcore.dll
0x00007ffc8b640000 - 0x00007ffc8b68c000 	C:\WINDOWS\System32\powrprof.dll
0x00007ffc8b620000 - 0x00007ffc8b63b000 	C:\WINDOWS\System32\profapi.dll
0x000000005b760000 - 0x000000005b766000 	C:\Program Files\NVIDIA Corporation\CoProcManager\_etoured.dll
0x00007ffc84fc0000 - 0x00007ffc85003000 	C:\Program Files\NVIDIA Corporation\CoProcManager\nvd3d9wrapx.dll
0x00007ffc8ec50000 - 0x00007ffc8f09e000 	C:\WINDOWS\System32\SETUPAPI.dll
0x00007ffc89c00000 - 0x00007ffc89c2d000 	C:\Program Files\NVIDIA Corporation\CoProcManager\nvdxgiwrapx.dll
0x000000005a600000 - 0x000000005a639000 	C:\PROGRA~2\Sophos\SOPHOS~1\SOPHOS~2.DLL
0x00007ffc8e430000 - 0x00007ffc8e438000 	C:\WINDOWS\System32\PSAPI.DLL
0x0000000059c00000 - 0x0000000059cd2000 	C:\Program Files\Android\Android Studio\jre\jre\bin\msvcr100.dll
0x0000000059dc0000 - 0x000000005a5ff000 	C:\Program Files\Android\Android Studio\jre\jre\bin\server\jvm.dll
0x00007ffc89c60000 - 0x00007ffc89c69000 	C:\WINDOWS\SYSTEM32\WSOCK32.dll
0x00007ffc88510000 - 0x00007ffc88533000 	C:\WINDOWS\SYSTEM32\WINMM.dll
0x00007ffc8e760000 - 0x00007ffc8e7cc000 	C:\WINDOWS\System32\WS2_32.dll
0x00007ffc884b0000 - 0x00007ffc884da000 	C:\WINDOWS\SYSTEM32\winmmbase.dll
0x00007ffc88de0000 - 0x00007ffc88def000 	C:\Program Files\Android\Android Studio\jre\jre\bin\verify.dll
0x00007ffc80be0000 - 0x00007ffc80c09000 	C:\Program Files\Android\Android Studio\jre\jre\bin\java.dll
0x00007ffc80a50000 - 0x00007ffc80a66000 	C:\Program Files\Android\Android Studio\jre\jre\bin\zip.dll
0x00007ffc7e000000 - 0x00007ffc7e01a000 	C:\Program Files\Android\Android Studio\jre\jre\bin\net.dll
0x00007ffc8aa90000 - 0x00007ffc8aaf6000 	C:\WINDOWS\system32\mswsock.dll
0x00007ffc7c320000 - 0x00007ffc7c331000 	C:\Program Files\Android\Android Studio\jre\jre\bin\nio.dll
0x00007ffc87aa0000 - 0x00007ffc87abe000 	C:\Users\rimon213\.gradle\native\25\windows-amd64\native-platform.dll
0x00007ffc88d30000 - 0x00007ffc88d3d000 	C:\Program Files\Android\Android Studio\jre\jre\bin\management.dll
0x00007ffc8b2f0000 - 0x00007ffc8b307000 	C:\WINDOWS\SYSTEM32\CRYPTSP.dll
0x00007ffc8a690000 - 0x00007ffc8a6c3000 	C:\WINDOWS\system32\rsaenh.dll
0x00007ffc8b070000 - 0x00007ffc8b095000 	C:\WINDOWS\SYSTEM32\bcrypt.dll
0x00007ffc8b500000 - 0x00007ffc8b529000 	C:\WINDOWS\SYSTEM32\USERENV.dll
0x00007ffc8ac50000 - 0x00007ffc8ac5b000 	C:\WINDOWS\SYSTEM32\CRYPTBASE.dll
0x00007ffc8a820000 - 0x00007ffc8a859000 	C:\WINDOWS\SYSTEM32\IPHLPAPI.DLL
0x00007ffc8dfa0000 - 0x00007ffc8dfa8000 	C:\WINDOWS\System32\NSI.dll
0x00007ffc850c0000 - 0x00007ffc850d6000 	C:\WINDOWS\SYSTEM32\dhcpcsvc6.DLL
0x00007ffc850a0000 - 0x00007ffc850ba000 	C:\WINDOWS\SYSTEM32\dhcpcsvc.DLL
0x00007ffc71660000 - 0x00007ffc7167e000 	C:\Users\rimon213\AppData\Local\Temp\native-platform3966173131039960181dir\native-platform.dll
0x00007ffc8b110000 - 0x00007ffc8b2d8000 	C:\WINDOWS\SYSTEM32\dbghelp.dll

VM Arguments:
jvm_args: -Xmx1536m -Dfile.encoding=x-windows-950 -Duser.country=TW -Duser.language=zh -Duser.variant 
java_command: org.gradle.launcher.daemon.bootstrap.GradleDaemon 4.4
java_class_path (initial): C:\Users\rimon213\.gradle\wrapper\dists\gradle-4.4-all\9br9xq1tocpiv8o6njlyu5op1\gradle-4.4\lib\gradle-launcher-4.4.jar
Launcher Type: SUN_STANDARD

Environment Variables:
PATH=C:\ProgramData\Oracle\Java\javapath;C:\Windows\system32;C:\Windows;C:\Windows\System32\Wbem;C:\Windows\System32\WindowsPowerShell\v1.0\;C:\Program Files (x86)\NVIDIA Corporation\PhysX\Common;C:\WINDOWS\system32;C:\WINDOWS;C:\WINDOWS\System32\Wbem;C:\WINDOWS\System32\WindowsPowerShell\v1.0\;C:\Users\rimon213\AppData\Local\Microsoft\WindowsApps;
USERNAME=rimon
OS=Windows_NT
PROCESSOR_IDENTIFIER=Intel64 Family 6 Model 42 Stepping 7, GenuineIntel



---------------  S Y S T E M  ---------------

OS: Windows 10.0 , 64 bit Build 16299 (10.0.16299.15)

CPU:total 4 (initial active 4) (2 cores per cpu, 2 threads per core) family 6 model 42 stepping 7, cmov, cx8, fxsr, mmx, sse, sse2, sse3, ssse3, sse4.1, sse4.2, popcnt, avx, aes, clmul, ht, tsc, tscinvbit

Memory: 4k page, physical 8298256k(944060k free), swap 16999020k(2273748k free)

vm_info: OpenJDK 64-Bit Server VM (25.152-b02) for windows-amd64 JRE (1.8.0_152-release-1024-b02), built by "builder" with MS VC++ 10.0 (VS2010)

time: Fri Apr 27 22:50:16 2018
elapsed time: 8054 seconds (0d 2h 14m 14s)

